<?xml version="1.0" encoding="UTF-8"?>
<testng-results ignored="0" total="0" passed="0" failed="0" skipped="0">
  <reporter-output>
  </reporter-output>
  <suite started-at="2025-09-14T15:34:56 IST" name="SCMS Suite" finished-at="2025-09-14T15:34:56 IST" duration-ms="9">
    <groups>
    </groups>
    <test started-at="2025-09-14T15:34:56 IST" name="Unit Tests" finished-at="2025-09-14T15:34:56 IST" duration-ms="9">
    </test> <!-- Unit Tests -->
  </suite> <!-- SCMS Suite -->
</testng-results>
