<?xml version="1.0" encoding="UTF-8"?>
<!-- Generated by org.testng.reporters.JUnitXMLReporter -->
<testsuite ignored="7" hostname="PNQ115CG21211WT" failures="0" tests="0" time="0.009" errors="0" timestamp="2025-09-14T15:34:56 IST">
  <testcase classname="com.city.service.ComplaintServiceTest" name="testRegisterAndQuery" time="0.0">
    <ignored/>
  </testcase> <!-- testRegisterAndQuery -->
  <testcase classname="com.city.service.TrafficManagementServiceTest" name="testUpdateTrafficDensityInvalidSensor" time="0.0">
    <ignored/>
  </testcase> <!-- testUpdateTrafficDensityInvalidSensor -->
  <testcase classname="com.city.service.AnalyticsServiceTest" name="testReports" time="0.0">
    <ignored/>
  </testcase> <!-- testReports -->
  <testcase classname="com.city.service.EmergencyServiceTest" name="testRaiseAndList" time="0.0">
    <ignored/>
  </testcase> <!-- testRaiseAndList -->
  <testcase classname="com.city.service.TrafficManagementServiceTest" name="testUpdateTrafficDensityValid" time="0.0">
    <ignored/>
  </testcase> <!-- testUpdateTrafficDensityValid -->
  <testcase classname="com.city.service.EmergencyServiceTest" name="testRaiseNullSeverity" time="0.0">
    <ignored/>
  </testcase> <!-- testRaiseNullSeverity -->
  <testcase classname="com.city.service.ComplaintServiceTest" name="testRegisterInvalidId" time="0.0">
    <ignored/>
  </testcase> <!-- testRegisterInvalidId -->
</testsuite>
